<?xml version="1.0" encoding="UTF-8"?>
<!-- Generated by org.testng.reporters.JUnitXMLReporter -->
<testsuite ignored="0" hostname="PC-PC" failures="0" tests="4" name="Default test" time="18.607" errors="0" timestamp="2023-12-08T18:23:07 ICT">
  <testcase classname="TESTCASE.TC_Logout" name="TC_040" time="2.647"/>
  <testcase classname="TESTCASE.TC_Logout" name="TC_041" time="3.026"/>
  <testcase classname="TESTCASE.TC_Logout" name="TC_042" time="3.438"/>
  <testcase classname="TESTCASE.TC_Logout" name="TC_043" time="4.265"/>
</testsuite> <!-- Default test -->
