<?xml version="1.0" encoding="UTF-8"?>
<!-- Generated by org.testng.reporters.JUnitXMLReporter -->
<testsuite ignored="0" hostname="PC-PC" failures="0" tests="9" name="SeleniumTest" time="28.793" errors="0" timestamp="2023-12-08T18:17:47 ICT">
  <testcase classname="TESTCASE.TC_Login" name="TC_011" time="0.035"/>
  <testcase classname="TESTCASE.TC_Login" name="TC_012" time="0.754"/>
  <testcase classname="TESTCASE.TC_Login" name="TC_013" time="0.738"/>
  <testcase classname="TESTCASE.TC_Login" name="TC_015" time="0.822"/>
  <testcase classname="TESTCASE.TC_Login" name="TC_016" time="1.507"/>
  <testcase classname="TESTCASE.TC_Logout" name="TC_040" time="2.34"/>
  <testcase classname="TESTCASE.TC_Logout" name="TC_041" time="3.243"/>
  <testcase classname="TESTCASE.TC_Logout" name="TC_042" time="3.764"/>
  <testcase classname="TESTCASE.TC_Logout" name="TC_043" time="4.764"/>
</testsuite> <!-- SeleniumTest -->
