<?xml version="1.0" encoding="UTF-8"?>
<testsuite xmlns:xsi="http://www.w3.org/2001/XMLSchema-instance" xsi:noNamespaceSchemaLocation="https://maven.apache.org/surefire/maven-surefire-plugin/xsd/surefire-test-report-3.0.xsd" version="3.0" name="TestSuite" time="36.518" tests="9" errors="0" skipped="0" failures="0">
  <properties>
[...]
</properties>
  <testcase name="TC_011" classname="TESTCASE.TC_Login" time="0.002">
    <system-out><![CDATA[Contact List App
]]></system-out>
    <system-err><![CDATA[SLF4J: Failed to load class "org.slf4j.impl.StaticLoggerBinder".
SLF4J: Defaulting to no-operation (NOP) logger implementation
SLF4J: See http://www.slf4j.org/codes.html#StaticLoggerBinder for further details.
Dec 08, 2023 6:17:16 PM org.openqa.selenium.devtools.CdpVersionFinder findNearestMatch
WARNING: Unable to find CDP implementation matching 109
Dec 08, 2023 6:17:16 PM org.openqa.selenium.chromium.ChromiumDriver lambda$new$5
WARNING: Unable to find version of CDP to use for 109.0.5414.120. You may need to include a dependency on a specific version of the CDP using something similar to `org.seleniumhq.selenium:selenium-devtools-v86:4.12.1` where the version ("v86") matches the version of the chromium-based browser you're using and the version number of the artifact is the same as Selenium's.
Dec 08, 2023 6:17:18 PM org.openqa.selenium.devtools.CdpVersionFinder findNearestMatch
WARNING: Unable to find CDP implementation matching 109
Dec 08, 2023 6:17:18 PM org.openqa.selenium.chromium.ChromiumDriver lambda$new$5
WARNING: Unable to find version of CDP to use for 109.0.5414.120. You may need to include a dependency on a specific version of the CDP using something similar to `org.seleniumhq.selenium:selenium-devtools-v86:4.12.1` where the version ("v86") matches the version of the chromium-based browser you're using and the version number of the artifact is the same as Selenium's.
]]></system-err>
  </testcase>
  <testcase name="TC_012" classname="TESTCASE.TC_Login" time="0.757">
    <system-out><![CDATA[Incorrect username or password
]]></system-out>
  </testcase>
  <testcase name="TC_013" classname="TESTCASE.TC_Login" time="0.745">
    <system-out><![CDATA[Incorrect username or password
]]></system-out>
  </testcase>
  <testcase name="TC_015" classname="TESTCASE.TC_Login" time="0.824">
    <system-out><![CDATA[Incorrect username or password
]]></system-out>
  </testcase>
  <testcase name="TC_016" classname="TESTCASE.TC_Login" time="1.506"/>
  <testcase name="TC_040" classname="TESTCASE.TC_Logout" time="2.341"/>
  <testcase name="TC_041" classname="TESTCASE.TC_Logout" time="3.242"/>
  <testcase name="TC_042" classname="TESTCASE.TC_Logout" time="3.764"/>
  <testcase name="TC_043" classname="TESTCASE.TC_Logout" time="4.763"/>
</testsuite>