<?xml version="1.0" encoding="UTF-8"?>
<testng-results ignored="0" total="9" passed="9" failed="0" skipped="0">
  <reporter-output>
  </reporter-output>
  <suite started-at="2023-12-08T18:17:18 ICT" name="TestSuite" finished-at="2023-12-08T18:17:47 ICT" duration-ms="28793">
    <groups>
    </groups>
    <test started-at="2023-12-08T18:17:18 ICT" name="SeleniumTest" finished-at="2023-12-08T18:17:47 ICT" duration-ms="28793">
      <class name="TESTCASE.TC_Login">
        <test-method is-config="true" signature="beforeMethod()[pri:0, instance:TESTCASE.TC_Login@1e9804b9]" started-at="2023-12-08T18:17:19 ICT" name="beforeMethod" finished-at="2023-12-08T18:17:20 ICT" duration-ms="1457" status="PASS">
          <reporter-output>
          </reporter-output>
        </test-method> <!-- beforeMethod -->
        <test-method signature="TC_011()[pri:0, instance:TESTCASE.TC_Login@1e9804b9]" started-at="2023-12-08T18:17:20 ICT" name="TC_011" finished-at="2023-12-08T18:17:20 ICT" duration-ms="35" status="PASS">
          <reporter-output>
          </reporter-output>
        </test-method> <!-- TC_011 -->
        <test-method is-config="true" signature="beforeMethod()[pri:0, instance:TESTCASE.TC_Login@1e9804b9]" started-at="2023-12-08T18:17:20 ICT" name="beforeMethod" finished-at="2023-12-08T18:17:21 ICT" duration-ms="798" status="PASS">
          <reporter-output>
          </reporter-output>
        </test-method> <!-- beforeMethod -->
        <test-method signature="TC_012()[pri:0, instance:TESTCASE.TC_Login@1e9804b9]" started-at="2023-12-08T18:17:21 ICT" name="TC_012" finished-at="2023-12-08T18:17:22 ICT" duration-ms="754" status="PASS">
          <reporter-output>
          </reporter-output>
        </test-method> <!-- TC_012 -->
        <test-method is-config="true" signature="beforeMethod()[pri:0, instance:TESTCASE.TC_Login@1e9804b9]" started-at="2023-12-08T18:17:22 ICT" name="beforeMethod" finished-at="2023-12-08T18:17:22 ICT" duration-ms="558" status="PASS">
          <reporter-output>
          </reporter-output>
        </test-method> <!-- beforeMethod -->
        <test-method signature="TC_013()[pri:0, instance:TESTCASE.TC_Login@1e9804b9]" started-at="2023-12-08T18:17:22 ICT" name="TC_013" finished-at="2023-12-08T18:17:23 ICT" duration-ms="738" status="PASS">
          <reporter-output>
          </reporter-output>
        </test-method> <!-- TC_013 -->
        <test-method is-config="true" signature="beforeMethod()[pri:0, instance:TESTCASE.TC_Login@1e9804b9]" started-at="2023-12-08T18:17:23 ICT" name="beforeMethod" finished-at="2023-12-08T18:17:23 ICT" duration-ms="557" status="PASS">
          <reporter-output>
          </reporter-output>
        </test-method> <!-- beforeMethod -->
        <test-method signature="TC_015()[pri:0, instance:TESTCASE.TC_Login@1e9804b9]" started-at="2023-12-08T18:17:23 ICT" name="TC_015" finished-at="2023-12-08T18:17:24 ICT" duration-ms="822" status="PASS">
          <reporter-output>
          </reporter-output>
        </test-method> <!-- TC_015 -->
        <test-method is-config="true" signature="beforeMethod()[pri:0, instance:TESTCASE.TC_Login@1e9804b9]" started-at="2023-12-08T18:17:24 ICT" name="beforeMethod" finished-at="2023-12-08T18:17:25 ICT" duration-ms="584" status="PASS">
          <reporter-output>
          </reporter-output>
        </test-method> <!-- beforeMethod -->
        <test-method signature="TC_016()[pri:0, instance:TESTCASE.TC_Login@1e9804b9]" started-at="2023-12-08T18:17:25 ICT" name="TC_016" finished-at="2023-12-08T18:17:26 ICT" duration-ms="1507" status="PASS">
          <reporter-output>
          </reporter-output>
        </test-method> <!-- TC_016 -->
        <test-method is-config="true" signature="aftertest()[pri:0, instance:TESTCASE.TC_Login@1e9804b9]" started-at="2023-12-08T18:17:46 ICT" name="aftertest" finished-at="2023-12-08T18:17:46 ICT" duration-ms="730" status="PASS">
          <reporter-output>
          </reporter-output>
        </test-method> <!-- aftertest -->
      </class> <!-- TESTCASE.TC_Login -->
      <class name="TESTCASE.TC_Logout">
        <test-method is-config="true" signature="beforeMethod()[pri:0, instance:TESTCASE.TC_Logout@3d43fe]" started-at="2023-12-08T18:17:26 ICT" name="beforeMethod" finished-at="2023-12-08T18:17:29 ICT" duration-ms="2620" status="PASS">
          <reporter-output>
          </reporter-output>
        </test-method> <!-- beforeMethod -->
        <test-method signature="TC_040()[pri:0, instance:TESTCASE.TC_Logout@3d43fe]" started-at="2023-12-08T18:17:29 ICT" name="TC_040" finished-at="2023-12-08T18:17:31 ICT" duration-ms="2340" status="PASS">
          <reporter-output>
          </reporter-output>
        </test-method> <!-- TC_040 -->
        <test-method is-config="true" signature="beforeMethod()[pri:0, instance:TESTCASE.TC_Logout@3d43fe]" started-at="2023-12-08T18:17:31 ICT" name="beforeMethod" finished-at="2023-12-08T18:17:32 ICT" duration-ms="800" status="PASS">
          <reporter-output>
          </reporter-output>
        </test-method> <!-- beforeMethod -->
        <test-method signature="TC_041()[pri:0, instance:TESTCASE.TC_Logout@3d43fe]" started-at="2023-12-08T18:17:32 ICT" name="TC_041" finished-at="2023-12-08T18:17:35 ICT" duration-ms="3243" status="PASS">
          <reporter-output>
          </reporter-output>
        </test-method> <!-- TC_041 -->
        <test-method is-config="true" signature="beforeMethod()[pri:0, instance:TESTCASE.TC_Logout@3d43fe]" started-at="2023-12-08T18:17:35 ICT" name="beforeMethod" finished-at="2023-12-08T18:17:36 ICT" duration-ms="877" status="PASS">
          <reporter-output>
          </reporter-output>
        </test-method> <!-- beforeMethod -->
        <test-method signature="TC_042()[pri:0, instance:TESTCASE.TC_Logout@3d43fe]" started-at="2023-12-08T18:17:36 ICT" name="TC_042" finished-at="2023-12-08T18:17:40 ICT" duration-ms="3764" status="PASS">
          <reporter-output>
          </reporter-output>
        </test-method> <!-- TC_042 -->
        <test-method is-config="true" signature="beforeMethod()[pri:0, instance:TESTCASE.TC_Logout@3d43fe]" started-at="2023-12-08T18:17:40 ICT" name="beforeMethod" finished-at="2023-12-08T18:17:41 ICT" duration-ms="803" status="PASS">
          <reporter-output>
          </reporter-output>
        </test-method> <!-- beforeMethod -->
        <test-method signature="TC_043()[pri:0, instance:TESTCASE.TC_Logout@3d43fe]" started-at="2023-12-08T18:17:41 ICT" name="TC_043" finished-at="2023-12-08T18:17:46 ICT" duration-ms="4764" status="PASS">
          <reporter-output>
          </reporter-output>
        </test-method> <!-- TC_043 -->
        <test-method is-config="true" signature="aftertest()[pri:0, instance:TESTCASE.TC_Logout@3d43fe]" started-at="2023-12-08T18:17:46 ICT" name="aftertest" finished-at="2023-12-08T18:17:47 ICT" duration-ms="954" status="PASS">
          <reporter-output>
          </reporter-output>
        </test-method> <!-- aftertest -->
      </class> <!-- TESTCASE.TC_Logout -->
    </test> <!-- SeleniumTest -->
  </suite> <!-- TestSuite -->
</testng-results>
