<?xml version="1.0" encoding="UTF-8"?>
<testng-results ignored="0" total="4" passed="4" failed="0" skipped="0">
  <reporter-output>
  </reporter-output>
  <suite started-at="2023-12-08T18:22:48 ICT" name="Default suite" finished-at="2023-12-08T18:23:07 ICT" duration-ms="18607">
    <groups>
    </groups>
    <test started-at="2023-12-08T18:22:48 ICT" name="Default test" finished-at="2023-12-08T18:23:07 ICT" duration-ms="18607">
      <class name="TESTCASE.TC_Logout">
        <test-method is-config="true" signature="beforeMethod()[pri:0, instance:TESTCASE.TC_Logout@6093d508]" started-at="2023-12-08T18:22:49 ICT" name="beforeMethod" finished-at="2023-12-08T18:22:51 ICT" duration-ms="2158" status="PASS">
          <reporter-output>
          </reporter-output>
        </test-method> <!-- beforeMethod -->
        <test-method signature="TC_040()[pri:0, instance:TESTCASE.TC_Logout@6093d508]" started-at="2023-12-08T18:22:51 ICT" name="TC_040" finished-at="2023-12-08T18:22:53 ICT" duration-ms="2647" status="PASS">
          <reporter-output>
          </reporter-output>
        </test-method> <!-- TC_040 -->
        <test-method is-config="true" signature="beforeMethod()[pri:0, instance:TESTCASE.TC_Logout@6093d508]" started-at="2023-12-08T18:22:53 ICT" name="beforeMethod" finished-at="2023-12-08T18:22:54 ICT" duration-ms="823" status="PASS">
          <reporter-output>
          </reporter-output>
        </test-method> <!-- beforeMethod -->
        <test-method signature="TC_041()[pri:0, instance:TESTCASE.TC_Logout@6093d508]" started-at="2023-12-08T18:22:54 ICT" name="TC_041" finished-at="2023-12-08T18:22:57 ICT" duration-ms="3026" status="PASS">
          <reporter-output>
          </reporter-output>
        </test-method> <!-- TC_041 -->
        <test-method is-config="true" signature="beforeMethod()[pri:0, instance:TESTCASE.TC_Logout@6093d508]" started-at="2023-12-08T18:22:57 ICT" name="beforeMethod" finished-at="2023-12-08T18:22:58 ICT" duration-ms="795" status="PASS">
          <reporter-output>
          </reporter-output>
        </test-method> <!-- beforeMethod -->
        <test-method signature="TC_042()[pri:0, instance:TESTCASE.TC_Logout@6093d508]" started-at="2023-12-08T18:22:58 ICT" name="TC_042" finished-at="2023-12-08T18:23:01 ICT" duration-ms="3438" status="PASS">
          <reporter-output>
          </reporter-output>
        </test-method> <!-- TC_042 -->
        <test-method is-config="true" signature="beforeMethod()[pri:0, instance:TESTCASE.TC_Logout@6093d508]" started-at="2023-12-08T18:23:01 ICT" name="beforeMethod" finished-at="2023-12-08T18:23:02 ICT" duration-ms="802" status="PASS">
          <reporter-output>
          </reporter-output>
        </test-method> <!-- beforeMethod -->
        <test-method signature="TC_043()[pri:0, instance:TESTCASE.TC_Logout@6093d508]" started-at="2023-12-08T18:23:02 ICT" name="TC_043" finished-at="2023-12-08T18:23:07 ICT" duration-ms="4265" status="PASS">
          <reporter-output>
          </reporter-output>
        </test-method> <!-- TC_043 -->
        <test-method is-config="true" signature="aftertest()[pri:0, instance:TESTCASE.TC_Logout@6093d508]" started-at="2023-12-08T18:23:07 ICT" name="aftertest" finished-at="2023-12-08T18:23:07 ICT" duration-ms="595" status="PASS">
          <reporter-output>
          </reporter-output>
        </test-method> <!-- aftertest -->
      </class> <!-- TESTCASE.TC_Logout -->
    </test> <!-- Default test -->
  </suite> <!-- Default suite -->
</testng-results>
