<?xml version="1.0" encoding="UTF-8"?>
<!-- Generated by org.testng.reporters.JUnitXMLReporter -->
<testsuite ignored="0" hostname="PC-PC" failures="0" tests="14" name="SeleniumTest" time="43.608" errors="0" timestamp="2023-12-08T11:12:30 ICT">
  <testcase classname="TESTCASE.TC_Signup" name="TC_001" time="1.354"/>
  <testcase classname="TESTCASE.TC_Signup" name="TC_002" time="1.562"/>
  <testcase classname="TESTCASE.TC_Signup" name="TC_003" time="1.484"/>
  <testcase classname="TESTCASE.TC_Signup" name="TC_004" time="1.46"/>
  <testcase classname="TESTCASE.TC_Signup" name="TC_005" time="1.525"/>
  <testcase classname="TESTCASE.TC_Signup" name="TC_006" time="1.518"/>
  <testcase classname="TESTCASE.TC_Signup" name="TC_007" time="1.547"/>
  <testcase classname="TESTCASE.TC_Signup" name="TC_008" time="1.531"/>
  <testcase classname="TESTCASE.TC_Signup" name="TC_009" time="1.68"/>
  <testcase classname="TESTCASE.TC_Signup" name="TC_010" time="3.31"/>
  <testcase classname="TESTCASE.TC_Logout" name="TC_040" time="3.896"/>
  <testcase classname="TESTCASE.TC_Logout" name="TC_041" time="3.004"/>
  <testcase classname="TESTCASE.TC_Logout" name="TC_042" time="3.298"/>
  <testcase classname="TESTCASE.TC_Logout" name="TC_043" time="4.053"/>
</testsuite> <!-- SeleniumTest -->
